Watching for file changes with StatReloader
Usuario autenticado: bro
Usuario autenticado en la vista: bro
Usuario autenticado: bro
Usuario autenticado en la vista: bro
Error de autenticación: {'detail': ErrorDetail(string='Given token not valid for any token type', code='token_not_valid'), 'code': ErrorDetail(string='token_not_valid', code='token_not_valid'), 'messages': [{'token_class': ErrorDetail(string='AccessToken', code='token_not_valid'), 'token_type': ErrorDetail(string='access', code='token_not_valid'), 'message': ErrorDetail(string='Token is invalid or expired', code='token_not_valid')}]}
Unauthorized: /api/protected/
Error de autenticación: {'detail': ErrorDetail(string='Given token not valid for any token type', code='token_not_valid'), 'code': ErrorDetail(string='token_not_valid', code='token_not_valid'), 'messages': [{'token_class': ErrorDetail(string='AccessToken', code='token_not_valid'), 'token_type': ErrorDetail(string='access', code='token_not_valid'), 'message': ErrorDetail(string='Token is invalid or expired', code='token_not_valid')}]}
Unauthorized: /api/protected/
Token refrescado exitosamente para el usuario
Token refrescado exitosamente para el usuario
Error de autenticación: {'detail': ErrorDetail(string='Given token not valid for any token type', code='token_not_valid'), 'code': ErrorDetail(string='token_not_valid', code='token_not_valid'), 'messages': [{'token_class': ErrorDetail(string='AccessToken', code='token_not_valid'), 'token_type': ErrorDetail(string='access', code='token_not_valid'), 'message': ErrorDetail(string='Token is invalid or expired', code='token_not_valid')}]}
Unauthorized: /api/protected/
Error de autenticación: {'detail': ErrorDetail(string='Given token not valid for any token type', code='token_not_valid'), 'code': ErrorDetail(string='token_not_valid', code='token_not_valid'), 'messages': [{'token_class': ErrorDetail(string='AccessToken', code='token_not_valid'), 'token_type': ErrorDetail(string='access', code='token_not_valid'), 'message': ErrorDetail(string='Token is invalid or expired', code='token_not_valid')}]}
Unauthorized: /api/protected/
Usuario autenticado: bro
Usuario autenticado en la vista: bro
Usuario autenticado: bro
Usuario autenticado en la vista: bro
Usuario autenticado: david
Usuario autenticado en la vista: david
Usuario autenticado: david
Usuario autenticado en la vista: david
Usuario autenticado: david
Usuario autenticado en la vista: david
Usuario autenticado: david
Usuario autenticado en la vista: david
Usuario autenticado: david
Usuario autenticado en la vista: david
Usuario autenticado: david
Usuario autenticado en la vista: david
Usuario autenticado: david
Usuario autenticado en la vista: david
Usuario autenticado: david
Usuario autenticado en la vista: david
Error de autenticación: {'detail': ErrorDetail(string='Given token not valid for any token type', code='token_not_valid'), 'code': ErrorDetail(string='token_not_valid', code='token_not_valid'), 'messages': [{'token_class': ErrorDetail(string='AccessToken', code='token_not_valid'), 'token_type': ErrorDetail(string='access', code='token_not_valid'), 'message': ErrorDetail(string='Token is invalid or expired', code='token_not_valid')}]}
Unauthorized: /api/protected/
Error de autenticación: {'detail': ErrorDetail(string='Given token not valid for any token type', code='token_not_valid'), 'code': ErrorDetail(string='token_not_valid', code='token_not_valid'), 'messages': [{'token_class': ErrorDetail(string='AccessToken', code='token_not_valid'), 'token_type': ErrorDetail(string='access', code='token_not_valid'), 'message': ErrorDetail(string='Token is invalid or expired', code='token_not_valid')}]}
Unauthorized: /api/protected/
Token refrescado exitosamente para el usuario
Token refrescado exitosamente para el usuario
Error de autenticación: {'detail': ErrorDetail(string='Given token not valid for any token type', code='token_not_valid'), 'code': ErrorDetail(string='token_not_valid', code='token_not_valid'), 'messages': [{'token_class': ErrorDetail(string='AccessToken', code='token_not_valid'), 'token_type': ErrorDetail(string='access', code='token_not_valid'), 'message': ErrorDetail(string='Token is invalid or expired', code='token_not_valid')}]}
Unauthorized: /api/protected/
Error de autenticación: {'detail': ErrorDetail(string='Given token not valid for any token type', code='token_not_valid'), 'code': ErrorDetail(string='token_not_valid', code='token_not_valid'), 'messages': [{'token_class': ErrorDetail(string='AccessToken', code='token_not_valid'), 'token_type': ErrorDetail(string='access', code='token_not_valid'), 'message': ErrorDetail(string='Token is invalid or expired', code='token_not_valid')}]}
Unauthorized: /api/protected/
Usuario autenticado: david
Usuario autenticado en la vista: david
Usuario autenticado: david
Usuario autenticado en la vista: david
Usuario autenticado: david
Usuario autenticado en la vista: david
Usuario autenticado: david
Usuario autenticado en la vista: david
Usuario autenticado: david
Usuario autenticado en la vista: david
Usuario autenticado: david
Usuario autenticado en la vista: david
Usuario autenticado: david
Usuario autenticado en la vista: david
Usuario autenticado: david
Usuario autenticado en la vista: david
Usuario autenticado: david
Usuario autenticado en la vista: david
Usuario autenticado: david
Usuario autenticado en la vista: david
Usuario autenticado: david
Usuario autenticado en la vista: david
Usuario autenticado: david
Usuario autenticado en la vista: david
Usuario autenticado: david
Usuario autenticado en la vista: david
Usuario autenticado: david
Usuario autenticado en la vista: david
Usuario autenticado: david
Usuario autenticado en la vista: david
Usuario autenticado: david
Usuario autenticado en la vista: david
Usuario autenticado: david
Usuario autenticado en la vista: david
Usuario autenticado: david
Usuario autenticado en la vista: david
Usuario autenticado: david
Usuario autenticado en la vista: david
Usuario autenticado: david
Usuario autenticado en la vista: david
Usuario autenticado: david
Usuario autenticado en la vista: david
Usuario autenticado: david
Usuario autenticado en la vista: david
Usuario autenticado: david
Usuario autenticado en la vista: david
Usuario autenticado: david
Usuario autenticado en la vista: david
Error de autenticación: {'detail': ErrorDetail(string='Given token not valid for any token type', code='token_not_valid'), 'code': ErrorDetail(string='token_not_valid', code='token_not_valid'), 'messages': [{'token_class': ErrorDetail(string='AccessToken', code='token_not_valid'), 'token_type': ErrorDetail(string='access', code='token_not_valid'), 'message': ErrorDetail(string='Token is invalid or expired', code='token_not_valid')}]}
Unauthorized: /api/protected/
Error de autenticación: {'detail': ErrorDetail(string='Given token not valid for any token type', code='token_not_valid'), 'code': ErrorDetail(string='token_not_valid', code='token_not_valid'), 'messages': [{'token_class': ErrorDetail(string='AccessToken', code='token_not_valid'), 'token_type': ErrorDetail(string='access', code='token_not_valid'), 'message': ErrorDetail(string='Token is invalid or expired', code='token_not_valid')}]}
Unauthorized: /api/protected/
Token refrescado exitosamente para el usuario
Token refrescado exitosamente para el usuario
Error de autenticación: {'detail': ErrorDetail(string='Given token not valid for any token type', code='token_not_valid'), 'code': ErrorDetail(string='token_not_valid', code='token_not_valid'), 'messages': [{'token_class': ErrorDetail(string='AccessToken', code='token_not_valid'), 'token_type': ErrorDetail(string='access', code='token_not_valid'), 'message': ErrorDetail(string='Token is invalid or expired', code='token_not_valid')}]}
Unauthorized: /api/protected/
Error de autenticación: {'detail': ErrorDetail(string='Given token not valid for any token type', code='token_not_valid'), 'code': ErrorDetail(string='token_not_valid', code='token_not_valid'), 'messages': [{'token_class': ErrorDetail(string='AccessToken', code='token_not_valid'), 'token_type': ErrorDetail(string='access', code='token_not_valid'), 'message': ErrorDetail(string='Token is invalid or expired', code='token_not_valid')}]}
Unauthorized: /api/protected/
Usuario autenticado: david
Usuario autenticado en la vista: david
Usuario autenticado: david
Usuario autenticado en la vista: david
Usuario autenticado: david
Usuario autenticado en la vista: david
Usuario autenticado: david
Usuario autenticado en la vista: david
Usuario autenticado: david
Usuario autenticado en la vista: david
Usuario autenticado: david
Usuario autenticado en la vista: david
Usuario autenticado: david
Usuario autenticado en la vista: david
Usuario autenticado: david
Usuario autenticado en la vista: david
Usuario autenticado: david
Usuario autenticado en la vista: david
Usuario autenticado: david
Usuario autenticado en la vista: david
Usuario autenticado: david
Usuario autenticado en la vista: david
Usuario autenticado: david
Usuario autenticado en la vista: david
Usuario autenticado: david
Usuario autenticado en la vista: david
Usuario autenticado: david
Usuario autenticado en la vista: david
Usuario autenticado: david
Usuario autenticado en la vista: david
Usuario autenticado: david
Usuario autenticado en la vista: david
Usuario autenticado: david
Usuario autenticado en la vista: david
Usuario autenticado: david
Usuario autenticado en la vista: david
Usuario autenticado: david
Usuario autenticado en la vista: david
Usuario autenticado: david
Usuario autenticado en la vista: david
Usuario autenticado: david
Usuario autenticado en la vista: david
Usuario autenticado: david
Usuario autenticado en la vista: david
Usuario autenticado: david
Usuario autenticado en la vista: david
Usuario autenticado: david
Usuario autenticado en la vista: david
Error de autenticación: {'detail': ErrorDetail(string='Given token not valid for any token type', code='token_not_valid'), 'code': ErrorDetail(string='token_not_valid', code='token_not_valid'), 'messages': [{'token_class': ErrorDetail(string='AccessToken', code='token_not_valid'), 'token_type': ErrorDetail(string='access', code='token_not_valid'), 'message': ErrorDetail(string='Token is invalid or expired', code='token_not_valid')}]}
Unauthorized: /api/protected/
Error de autenticación: {'detail': ErrorDetail(string='Given token not valid for any token type', code='token_not_valid'), 'code': ErrorDetail(string='token_not_valid', code='token_not_valid'), 'messages': [{'token_class': ErrorDetail(string='AccessToken', code='token_not_valid'), 'token_type': ErrorDetail(string='access', code='token_not_valid'), 'message': ErrorDetail(string='Token is invalid or expired', code='token_not_valid')}]}
Unauthorized: /api/protected/
Token refrescado exitosamente para el usuario
Error de autenticación: {'detail': ErrorDetail(string='Given token not valid for any token type', code='token_not_valid'), 'code': ErrorDetail(string='token_not_valid', code='token_not_valid'), 'messages': [{'token_class': ErrorDetail(string='AccessToken', code='token_not_valid'), 'token_type': ErrorDetail(string='access', code='token_not_valid'), 'message': ErrorDetail(string='Token is invalid or expired', code='token_not_valid')}]}
Unauthorized: /api/protected/
Token refrescado exitosamente para el usuario
Error de autenticación: {'detail': ErrorDetail(string='Given token not valid for any token type', code='token_not_valid'), 'code': ErrorDetail(string='token_not_valid', code='token_not_valid'), 'messages': [{'token_class': ErrorDetail(string='AccessToken', code='token_not_valid'), 'token_type': ErrorDetail(string='access', code='token_not_valid'), 'message': ErrorDetail(string='Token is invalid or expired', code='token_not_valid')}]}
Unauthorized: /api/protected/
Usuario autenticado: david
Usuario autenticado en la vista: david
Usuario autenticado: david
Usuario autenticado en la vista: david
Usuario autenticado: david
Usuario autenticado en la vista: david
Usuario autenticado: david
Usuario autenticado en la vista: david
Usuario autenticado: david
Usuario autenticado en la vista: david
Usuario autenticado: david
Usuario autenticado en la vista: david
Usuario autenticado: david
Usuario autenticado en la vista: david
Usuario autenticado: david
Usuario autenticado en la vista: david
Error de autenticación: {'detail': ErrorDetail(string='Given token not valid for any token type', code='token_not_valid'), 'code': ErrorDetail(string='token_not_valid', code='token_not_valid'), 'messages': [{'token_class': ErrorDetail(string='AccessToken', code='token_not_valid'), 'token_type': ErrorDetail(string='access', code='token_not_valid'), 'message': ErrorDetail(string='Token is invalid or expired', code='token_not_valid')}]}
Unauthorized: /api/protected/
Error de autenticación: {'detail': ErrorDetail(string='Given token not valid for any token type', code='token_not_valid'), 'code': ErrorDetail(string='token_not_valid', code='token_not_valid'), 'messages': [{'token_class': ErrorDetail(string='AccessToken', code='token_not_valid'), 'token_type': ErrorDetail(string='access', code='token_not_valid'), 'message': ErrorDetail(string='Token is invalid or expired', code='token_not_valid')}]}
Unauthorized: /api/protected/
Token refrescado exitosamente para el usuario
Token refrescado exitosamente para el usuario
Error de autenticación: {'detail': ErrorDetail(string='Given token not valid for any token type', code='token_not_valid'), 'code': ErrorDetail(string='token_not_valid', code='token_not_valid'), 'messages': [{'token_class': ErrorDetail(string='AccessToken', code='token_not_valid'), 'token_type': ErrorDetail(string='access', code='token_not_valid'), 'message': ErrorDetail(string='Token is invalid or expired', code='token_not_valid')}]}
Unauthorized: /api/protected/
Error de autenticación: {'detail': ErrorDetail(string='Given token not valid for any token type', code='token_not_valid'), 'code': ErrorDetail(string='token_not_valid', code='token_not_valid'), 'messages': [{'token_class': ErrorDetail(string='AccessToken', code='token_not_valid'), 'token_type': ErrorDetail(string='access', code='token_not_valid'), 'message': ErrorDetail(string='Token is invalid or expired', code='token_not_valid')}]}
Unauthorized: /api/protected/
Usuario autenticado: david
Usuario autenticado en la vista: david
Usuario autenticado: david
Usuario autenticado en la vista: david
Usuario autenticado: david
Usuario autenticado en la vista: david
Usuario autenticado: david
Usuario autenticado en la vista: david
Usuario autenticado: david
Usuario autenticado en la vista: david
Usuario autenticado: david
Usuario autenticado en la vista: david
Usuario autenticado: david
Usuario autenticado en la vista: david
Usuario autenticado: david
Usuario autenticado en la vista: david
Usuario autenticado: david
Usuario autenticado en la vista: david
Usuario autenticado: david
Usuario autenticado en la vista: david
No se encontró access_token en las cookies
Unauthorized: /api/protected/
No se encontró access_token en las cookies
Unauthorized: /api/protected/
Refresh token no proporcionado en las cookies
Bad Request: /api/token/refresh/
Refresh token no proporcionado en las cookies
Bad Request: /api/token/refresh/
No se encontró access_token en las cookies
Unauthorized: /api/protected/
Refresh token no proporcionado en las cookies
No se encontró access_token en las cookies
Bad Request: /api/token/refresh/
Unauthorized: /api/protected/
Refresh token no proporcionado en las cookies
Bad Request: /api/token/refresh/
No se encontró access_token en las cookies
Unauthorized: /api/protected/
Refresh token no proporcionado en las cookies
No se encontró access_token en las cookies
Bad Request: /api/token/refresh/
Unauthorized: /api/protected/
No se encontró access_token en las cookies
Unauthorized: /api/protected/
Refresh token no proporcionado en las cookies
No se encontró access_token en las cookies
Bad Request: /api/token/refresh/
Unauthorized: /api/protected/
Refresh token no proporcionado en las cookies
Bad Request: /api/token/refresh/
Usuario autenticado: bro
Usuario autenticado en la vista: bro
Usuario autenticado: bro
Usuario autenticado en la vista: bro
Usuario autenticado: bro
Usuario autenticado en la vista: bro
Usuario autenticado: bro
Usuario autenticado en la vista: bro
Usuario autenticado: bro
Usuario autenticado: test1
Usuario autenticado en la vista: test1
Usuario autenticado: test1
Usuario autenticado en la vista: test1
Usuario autenticado: test1
Usuario autenticado en la vista: test1
Usuario autenticado: test1
Usuario autenticado en la vista: test1
Usuario autenticado: test1
Usuario autenticado en la vista: test1
Usuario autenticado: test1
Usuario autenticado en la vista: test1
Usuario autenticado: test1
Usuario autenticado en la vista: test1
Usuario autenticado: test1
Usuario autenticado en la vista: test1
/app/users/models.py changed, reloading.
Watching for file changes with StatReloader
